INFO:tensorflow:Using default config.
INFO:tensorflow:Using config: {'_model_dir': './Checkpoints_CNN_TF_1D/', '_tf_random_seed': None, '_save_summary_steps': 100, '_save_checkpoints_steps': None, '_save_checkpoints_secs': 600, '_session_config': allow_soft_placement: true
graph_options {
  rewrite_options {
    meta_optimizer_iterations: ONE
  }
}
, '_keep_checkpoint_max': 5, '_keep_checkpoint_every_n_hours': 10000, '_log_step_count_steps': 100, '_train_distribute': None, '_device_fn': None, '_protocol': None, '_eval_distribute': None, '_experimental_distribute': None, '_service': None, '_cluster_spec': <tensorflow.python.training.server_lib.ClusterSpec object at 0x7f8d6e27db70>, '_task_type': 'worker', '_task_id': 0, '_global_id_in_cluster': 0, '_master': '', '_evaluation_master': '', '_is_chief': True, '_num_ps_replicas': 0, '_num_worker_replicas': 1}
INFO:tensorflow:Calling model_fn.
INFO:tensorflow:Done calling model_fn.
INFO:tensorflow:Create CheckpointSaverHook.
INFO:tensorflow:Graph was finalized.
2018-11-25 13:14:22.210550: I tensorflow/core/platform/cpu_feature_guard.cc:141] Your CPU supports instructions that this TensorFlow binary was not compiled to use: AVX2 FMA
INFO:tensorflow:Restoring parameters from ./Checkpoints_CNN_TF_1D/model.ckpt-20000
INFO:tensorflow:Running local_init_op.
INFO:tensorflow:Done running local_init_op.
INFO:tensorflow:Saving checkpoints for 20000 into ./Checkpoints_CNN_TF_1D/model.ckpt.
INFO:tensorflow:loss = 0.024875632, step = 20001
INFO:tensorflow:accuracy = 1.0, loss = 0.024875632
INFO:tensorflow:accuracy = 1.0, loss = 0.044266578 (0.770 sec)
INFO:tensorflow:accuracy = 1.0, loss = 0.01026166 (0.669 sec)
INFO:tensorflow:accuracy = 1.0, loss = 0.012295011 (0.670 sec)
INFO:tensorflow:accuracy = 1.0, loss = 0.027818382 (0.645 sec)
INFO:tensorflow:global_step/sec: 29.2412
INFO:tensorflow:loss = 0.051142547, step = 20101 (3.420 sec)
INFO:tensorflow:accuracy = 1.0, loss = 0.051142547 (0.666 sec)
INFO:tensorflow:accuracy = 1.0, loss = 0.04109949 (0.646 sec)
INFO:tensorflow:accuracy = 1.0, loss = 0.041380838 (0.646 sec)
INFO:tensorflow:accuracy = 0.9965278, loss = 0.07656834 (0.643 sec)
INFO:tensorflow:accuracy = 0.990625, loss = 0.16089213 (0.652 sec)
INFO:tensorflow:global_step/sec: 30.844
INFO:tensorflow:loss = 0.09908178, step = 20201 (3.242 sec)
INFO:tensorflow:accuracy = 0.98579544, loss = 0.09908178 (0.655 sec)
INFO:tensorflow:accuracy = 0.9869792, loss = 0.01735041 (0.682 sec)
INFO:tensorflow:accuracy = 0.9855769, loss = 0.04608142 (0.724 sec)
INFO:tensorflow:accuracy = 0.98214287, loss = 0.110081725 (0.721 sec)
INFO:tensorflow:accuracy = 0.9770833, loss = 0.15055269 (0.624 sec)
INFO:tensorflow:global_step/sec: 29.6799
INFO:tensorflow:loss = 0.17492293, step = 20301 (3.369 sec)
INFO:tensorflow:accuracy = 0.9746094, loss = 0.17492293 (0.617 sec)
INFO:tensorflow:accuracy = 0.97610295, loss = 0.070397094 (0.616 sec)
INFO:tensorflow:accuracy = 0.9756944, loss = 0.046737503 (0.627 sec)
INFO:tensorflow:accuracy = 0.9736842, loss = 0.072864056 (0.621 sec)
INFO:tensorflow:accuracy = 0.9734375, loss = 0.10041137 (0.634 sec)
INFO:tensorflow:global_step/sec: 31.9788
INFO:tensorflow:loss = 0.037471026, step = 20401 (3.127 sec)
INFO:tensorflow:accuracy = 0.97470236, loss = 0.037471026 (0.630 sec)
INFO:tensorflow:accuracy = 0.97585225, loss = 0.04863032 (0.617 sec)
INFO:tensorflow:accuracy = 0.9769022, loss = 0.024691802 (0.609 sec)
INFO:tensorflow:accuracy = 0.97786456, loss = 0.0367934 (0.614 sec)
INFO:tensorflow:accuracy = 0.9775, loss = 0.059883434 (0.628 sec)
INFO:tensorflow:global_step/sec: 32.4268
INFO:tensorflow:loss = 0.028547188, step = 20501 (3.084 sec)
INFO:tensorflow:accuracy = 0.97836536, loss = 0.028547188 (0.616 sec)
INFO:tensorflow:accuracy = 0.9791667, loss = 0.05376153 (0.616 sec)
INFO:tensorflow:accuracy = 0.97991073, loss = 0.0032964402 (0.611 sec)
INFO:tensorflow:accuracy = 0.97952586, loss = 0.14746824 (0.617 sec)
INFO:tensorflow:accuracy = 0.98020834, loss = 0.047201276 (0.614 sec)
INFO:tensorflow:global_step/sec: 32.6222
INFO:tensorflow:loss = 0.021608766, step = 20601 (3.066 sec)
INFO:tensorflow:accuracy = 0.98084676, loss = 0.021608766 (0.608 sec)
INFO:tensorflow:accuracy = 0.98046875, loss = 0.045398045 (0.639 sec)
INFO:tensorflow:accuracy = 0.9810606, loss = 0.009265278 (0.613 sec)
INFO:tensorflow:accuracy = 0.9816176, loss = 0.06050885 (0.614 sec)
INFO:tensorflow:accuracy = 0.98214287, loss = 0.032595888 (0.623 sec)
INFO:tensorflow:global_step/sec: 32.1766
INFO:tensorflow:loss = 0.013065185, step = 20701 (3.108 sec)
INFO:tensorflow:accuracy = 0.9826389, loss = 0.013065185 (0.618 sec)
INFO:tensorflow:accuracy = 0.9831081, loss = 0.038400453 (0.613 sec)
INFO:tensorflow:accuracy = 0.98355263, loss = 0.0400241 (0.617 sec)
INFO:tensorflow:accuracy = 0.98397434, loss = 0.02276564 (0.615 sec)
INFO:tensorflow:accuracy = 0.984375, loss = 0.018752597 (0.622 sec)
INFO:tensorflow:global_step/sec: 32.4246
INFO:tensorflow:loss = 0.08045614, step = 20801 (3.084 sec)
INFO:tensorflow:accuracy = 0.9839939, loss = 0.08045614 (0.617 sec)
INFO:tensorflow:accuracy = 0.98363096, loss = 0.113124944 (0.636 sec)
INFO:tensorflow:accuracy = 0.98401165, loss = 0.026645605 (0.618 sec)
INFO:tensorflow:accuracy = 0.98366475, loss = 0.060270615 (0.630 sec)
INFO:tensorflow:accuracy = 0.98333335, loss = 0.052827388 (0.619 sec)
INFO:tensorflow:global_step/sec: 31.8919
INFO:tensorflow:loss = 0.025521189, step = 20901 (3.136 sec)
INFO:tensorflow:accuracy = 0.9836956, loss = 0.025521189 (0.633 sec)
INFO:tensorflow:accuracy = 0.98337764, loss = 0.052473422 (0.628 sec)
INFO:tensorflow:accuracy = 0.98372394, loss = 0.022817409 (0.622 sec)
INFO:tensorflow:accuracy = 0.9840561, loss = 0.011944815 (0.620 sec)
INFO:tensorflow:accuracy = 0.984375, loss = 0.012928281 (0.616 sec)
INFO:tensorflow:global_step/sec: 32.2204
INFO:tensorflow:loss = 0.034145873, step = 21001 (3.104 sec)
INFO:tensorflow:accuracy = 0.98468137, loss = 0.034145873 (0.618 sec)
INFO:tensorflow:accuracy = 0.98497593, loss = 0.008986711 (0.695 sec)
INFO:tensorflow:accuracy = 0.9840802, loss = 0.19167204 (0.645 sec)
INFO:tensorflow:accuracy = 0.984375, loss = 0.04889393 (0.826 sec)
INFO:tensorflow:accuracy = 0.9846591, loss = 0.028650716 (0.654 sec)
INFO:tensorflow:global_step/sec: 28.833
INFO:tensorflow:loss = 0.068493575, step = 21101 (3.468 sec)
INFO:tensorflow:accuracy = 0.984375, loss = 0.068493575 (0.648 sec)
INFO:tensorflow:accuracy = 0.9841009, loss = 0.115041934 (0.683 sec)
INFO:tensorflow:accuracy = 0.98383623, loss = 0.1288147 (0.682 sec)
INFO:tensorflow:accuracy = 0.9841102, loss = 0.025577381 (0.650 sec)
INFO:tensorflow:accuracy = 0.984375, loss = 0.038234234 (0.649 sec)
INFO:tensorflow:global_step/sec: 30.0469
INFO:tensorflow:loss = 0.085896485, step = 21201 (3.328 sec)
INFO:tensorflow:accuracy = 0.9841189, loss = 0.085896485 (0.665 sec)
INFO:tensorflow:accuracy = 0.983871, loss = 0.06743178 (0.679 sec)
INFO:tensorflow:accuracy = 0.984127, loss = 0.030697215 (0.692 sec)
INFO:tensorflow:accuracy = 0.9838867, loss = 0.11693985 (0.646 sec)
INFO:tensorflow:accuracy = 0.9841346, loss = 0.016747916 (0.644 sec)
INFO:tensorflow:global_step/sec: 30.2777
INFO:tensorflow:loss = 0.07433783, step = 21301 (3.303 sec)
INFO:tensorflow:accuracy = 0.9839015, loss = 0.07433783 (0.643 sec)
INFO:tensorflow:accuracy = 0.98414177, loss = 0.08584588 (0.640 sec)
INFO:tensorflow:accuracy = 0.98391545, loss = 0.06656745 (0.637 sec)
INFO:tensorflow:accuracy = 0.9836956, loss = 0.031167895 (0.640 sec)
INFO:tensorflow:accuracy = 0.98392856, loss = 0.030083898 (0.673 sec)
INFO:tensorflow:global_step/sec: 30.6977
INFO:tensorflow:loss = 0.038810078, step = 21401 (3.258 sec)
INFO:tensorflow:accuracy = 0.98371476, loss = 0.038810078 (0.668 sec)
INFO:tensorflow:accuracy = 0.98394096, loss = 0.06361168 (0.647 sec)
INFO:tensorflow:accuracy = 0.9837329, loss = 0.09087327 (0.649 sec)
INFO:tensorflow:accuracy = 0.9839527, loss = 0.032142334 (0.653 sec)
INFO:tensorflow:accuracy = 0.9841667, loss = 0.014145369 (0.660 sec)
INFO:tensorflow:global_step/sec: 30.2281
INFO:tensorflow:loss = 0.0039466885, step = 21501 (3.308 sec)
INFO:tensorflow:accuracy = 0.984375, loss = 0.0039466885 (0.700 sec)
INFO:tensorflow:accuracy = 0.9841721, loss = 0.032566074 (0.649 sec)
INFO:tensorflow:accuracy = 0.98357373, loss = 0.10541117 (0.670 sec)
INFO:tensorflow:accuracy = 0.98378164, loss = 0.025380645 (0.655 sec)
INFO:tensorflow:accuracy = 0.9828125, loss = 0.11907594 (0.644 sec)
INFO:tensorflow:global_step/sec: 30.6868
INFO:tensorflow:loss = 0.044607252, step = 21601 (3.259 sec)
INFO:tensorflow:accuracy = 0.9830247, loss = 0.044607252 (0.642 sec)
INFO:tensorflow:accuracy = 0.9828506, loss = 0.0717154 (0.813 sec)
INFO:tensorflow:accuracy = 0.9830572, loss = 0.0036713958 (0.664 sec)
INFO:tensorflow:accuracy = 0.9828869, loss = 0.059394825 (0.791 sec)
INFO:tensorflow:accuracy = 0.9827206, loss = 0.085386686 (0.684 sec)
INFO:tensorflow:global_step/sec: 27.5777
INFO:tensorflow:loss = 0.0069733504, step = 21701 (3.626 sec)
INFO:tensorflow:accuracy = 0.98292154, loss = 0.0069733504 (0.675 sec)
INFO:tensorflow:accuracy = 0.9831178, loss = 0.020553874 (0.643 sec)
INFO:tensorflow:accuracy = 0.9833097, loss = 0.0014243943 (0.693 sec)
INFO:tensorflow:accuracy = 0.9831461, loss = 0.03236621 (0.658 sec)
INFO:tensorflow:accuracy = 0.98333335, loss = 0.020627102 (0.742 sec)
INFO:tensorflow:global_step/sec: 29.3443
INFO:tensorflow:loss = 0.010234615, step = 21801 (3.408 sec)
INFO:tensorflow:accuracy = 0.98351645, loss = 0.010234615 (0.672 sec)
INFO:tensorflow:accuracy = 0.9836956, loss = 0.026437538 (0.700 sec)
INFO:tensorflow:accuracy = 0.9828629, loss = 0.17768334 (0.652 sec)
INFO:tensorflow:accuracy = 0.98271275, loss = 0.05534321 (0.669 sec)
INFO:tensorflow:accuracy = 0.98223686, loss = 0.1187353 (0.745 sec)
INFO:tensorflow:global_step/sec: 28.5187
INFO:tensorflow:loss = 0.01801522, step = 21901 (3.506 sec)
INFO:tensorflow:accuracy = 0.9824219, loss = 0.01801522 (0.741 sec)
INFO:tensorflow:accuracy = 0.9826031, loss = 0.013954928 (0.668 sec)
INFO:tensorflow:accuracy = 0.98278064, loss = 0.0016839451 (0.659 sec)
INFO:tensorflow:accuracy = 0.98295456, loss = 0.009492311 (0.673 sec)
INFO:tensorflow:accuracy = 0.983125, loss = 0.021281112 (0.672 sec)
INFO:tensorflow:global_step/sec: 30.0688
INFO:tensorflow:loss = 0.062452517, step = 22001 (3.326 sec)
INFO:tensorflow:accuracy = 0.9826733, loss = 0.062452517 (0.654 sec)
INFO:tensorflow:accuracy = 0.98284316, loss = 0.007415996 (0.608 sec)
INFO:tensorflow:accuracy = 0.9827063, loss = 0.05848802 (0.627 sec)
INFO:tensorflow:accuracy = 0.9828726, loss = 0.0054520606 (0.615 sec)
INFO:tensorflow:accuracy = 0.98303574, loss = 0.0041137626 (0.613 sec)
INFO:tensorflow:global_step/sec: 32.4191
INFO:tensorflow:loss = 0.11301088, step = 22101 (3.085 sec)
INFO:tensorflow:accuracy = 0.9826061, loss = 0.11301088 (0.622 sec)
INFO:tensorflow:accuracy = 0.98247665, loss = 0.07018606 (0.620 sec)
INFO:tensorflow:accuracy = 0.9823495, loss = 0.060411733 (0.620 sec)
INFO:tensorflow:accuracy = 0.98251146, loss = 0.04933831 (0.616 sec)
INFO:tensorflow:accuracy = 0.98238635, loss = 0.03196303 (0.605 sec)
INFO:tensorflow:global_step/sec: 32.4955
INFO:tensorflow:loss = 0.04682364, step = 22201 (3.077 sec)
INFO:tensorflow:accuracy = 0.982545, loss = 0.04682364 (0.616 sec)
INFO:tensorflow:accuracy = 0.9827009, loss = 0.024067357 (0.624 sec)
INFO:tensorflow:accuracy = 0.982854, loss = 0.00045695022 (0.618 sec)
INFO:tensorflow:accuracy = 0.9830044, loss = 0.057107832 (0.637 sec)
INFO:tensorflow:accuracy = 0.98315215, loss = 0.019944932 (0.668 sec)
INFO:tensorflow:global_step/sec: 31.2383
INFO:tensorflow:loss = 0.026585117, step = 22301 (3.201 sec)
INFO:tensorflow:accuracy = 0.9832974, loss = 0.026585117 (0.654 sec)
INFO:tensorflow:accuracy = 0.9831731, loss = 0.05043488 (0.617 sec)
INFO:tensorflow:accuracy = 0.9833157, loss = 0.010132128 (0.609 sec)
INFO:tensorflow:accuracy = 0.9834559, loss = 0.031974785 (0.630 sec)
INFO:tensorflow:accuracy = 0.98359376, loss = 0.0051727947 (0.671 sec)
INFO:tensorflow:global_step/sec: 30.4472
INFO:tensorflow:loss = 0.026070701, step = 22401 (3.284 sec)
INFO:tensorflow:accuracy = 0.98372936, loss = 0.026070701 (0.757 sec)
INFO:tensorflow:accuracy = 0.9838627, loss = 0.013784855 (0.616 sec)
INFO:tensorflow:accuracy = 0.98348576, loss = 0.116421476 (0.610 sec)
INFO:tensorflow:accuracy = 0.983619, loss = 0.032506704 (0.617 sec)
INFO:tensorflow:accuracy = 0.9835, loss = 0.089538395 (0.636 sec)
INFO:tensorflow:global_step/sec: 31.8789
INFO:tensorflow:loss = 0.01479196, step = 22501 (3.137 sec)
INFO:tensorflow:accuracy = 0.98363096, loss = 0.01479196 (0.657 sec)
INFO:tensorflow:accuracy = 0.9832677, loss = 0.10815657 (0.631 sec)
INFO:tensorflow:accuracy = 0.9831543, loss = 0.06906567 (0.613 sec)
INFO:tensorflow:accuracy = 0.9832849, loss = 0.025448611 (0.614 sec)
INFO:tensorflow:accuracy = 0.98341346, loss = 0.024891775 (0.615 sec)
INFO:tensorflow:global_step/sec: 32.42
INFO:tensorflow:loss = 0.025628947, step = 22601 (3.085 sec)
INFO:tensorflow:accuracy = 0.98354006, loss = 0.025628947 (0.612 sec)
INFO:tensorflow:accuracy = 0.98295456, loss = 0.23008896 (0.616 sec)
INFO:tensorflow:accuracy = 0.9826128, loss = 0.0742457 (0.609 sec)
INFO:tensorflow:accuracy = 0.98274255, loss = 0.042760793 (0.611 sec)
INFO:tensorflow:accuracy = 0.9828704, loss = 0.024543328 (0.612 sec)
INFO:tensorflow:global_step/sec: 32.7017
INFO:tensorflow:loss = 0.10384998, step = 22701 (3.058 sec)
INFO:tensorflow:accuracy = 0.9825368, loss = 0.10384998 (0.609 sec)
INFO:tensorflow:accuracy = 0.9826642, loss = 0.025116313 (0.618 sec)
INFO:tensorflow:accuracy = 0.9825634, loss = 0.07564048 (0.618 sec)
INFO:tensorflow:accuracy = 0.98268884, loss = 0.01764315 (0.616 sec)
INFO:tensorflow:accuracy = 0.9828125, loss = 0.003036446 (0.612 sec)
INFO:tensorflow:global_step/sec: 32.4608
INFO:tensorflow:loss = 0.045572087, step = 22801 (3.081 sec)
INFO:tensorflow:accuracy = 0.9829344, loss = 0.045572087 (0.617 sec)
INFO:tensorflow:accuracy = 0.9830546, loss = 0.01085506 (0.611 sec)
INFO:tensorflow:accuracy = 0.9831731, loss = 0.016793523 (0.609 sec)
INFO:tensorflow:accuracy = 0.98328996, loss = 0.009424801 (0.614 sec)
INFO:tensorflow:accuracy = 0.9834052, loss = 0.026172891 (0.613 sec)
INFO:tensorflow:global_step/sec: 32.5718
INFO:tensorflow:loss = 0.111482404, step = 22901 (3.070 sec)
INFO:tensorflow:accuracy = 0.98309076, loss = 0.111482404 (0.623 sec)
INFO:tensorflow:accuracy = 0.9829932, loss = 0.041753992 (0.615 sec)
INFO:tensorflow:accuracy = 0.9831081, loss = 0.019229904 (0.614 sec)
INFO:tensorflow:accuracy = 0.9830117, loss = 0.108816825 (0.607 sec)
INFO:tensorflow:accuracy = 0.983125, loss = 0.018756375 (0.613 sec)
INFO:tensorflow:global_step/sec: 32.6474
INFO:tensorflow:loss = 0.04997601, step = 23001 (3.063 sec)
INFO:tensorflow:accuracy = 0.9830298, loss = 0.04997601 (0.613 sec)
INFO:tensorflow:accuracy = 0.98293585, loss = 0.06984818 (0.615 sec)
INFO:tensorflow:accuracy = 0.98284316, loss = 0.115578845 (0.612 sec)
INFO:tensorflow:accuracy = 0.98295456, loss = 0.027819771 (0.633 sec)
INFO:tensorflow:accuracy = 0.9828629, loss = 0.106331244 (0.618 sec)
INFO:tensorflow:global_step/sec: 32.2852
INFO:tensorflow:loss = 0.02332747, step = 23101 (3.098 sec)
INFO:tensorflow:accuracy = 0.98297274, loss = 0.02332747 (0.620 sec)
INFO:tensorflow:accuracy = 0.9830812, loss = 0.022595003 (0.623 sec)
INFO:tensorflow:accuracy = 0.9831883, loss = 0.01076619 (0.628 sec)
INFO:tensorflow:accuracy = 0.983294, loss = 0.008424314 (0.611 sec)
INFO:tensorflow:accuracy = 0.9832031, loss = 0.033576302 (0.612 sec)
INFO:tensorflow:global_step/sec: 32.4331
INFO:tensorflow:loss = 0.14908415, step = 23201 (3.083 sec)
INFO:tensorflow:accuracy = 0.9829193, loss = 0.14908415 (0.609 sec)
INFO:tensorflow:accuracy = 0.9830247, loss = 0.030708827 (0.611 sec)
INFO:tensorflow:accuracy = 0.9827454, loss = 0.1433839 (0.613 sec)
INFO:tensorflow:accuracy = 0.9828506, loss = 0.046162628 (0.611 sec)
INFO:tensorflow:accuracy = 0.98295456, loss = 0.02143065 (0.613 sec)
INFO:tensorflow:global_step/sec: 32.6916
INFO:tensorflow:loss = 0.33555508, step = 23301 (3.059 sec)
INFO:tensorflow:accuracy = 0.9823042, loss = 0.33555508 (0.611 sec)
INFO:tensorflow:accuracy = 0.9824102, loss = 0.017880004 (0.635 sec)
INFO:tensorflow:accuracy = 0.98251486, loss = 0.0049938955 (0.605 sec)
INFO:tensorflow:accuracy = 0.98243344, loss = 0.16751161 (0.610 sec)
INFO:tensorflow:accuracy = 0.9825368, loss = 0.0054878043 (0.609 sec)
INFO:tensorflow:global_step/sec: 32.5663
INFO:tensorflow:loss = 0.045240812, step = 23401 (3.071 sec)
INFO:tensorflow:accuracy = 0.98245615, loss = 0.045240812 (0.612 sec)
INFO:tensorflow:accuracy = 0.98237646, loss = 0.040653322 (0.616 sec)
INFO:tensorflow:accuracy = 0.9824783, loss = 0.03791204 (0.606 sec)
INFO:tensorflow:accuracy = 0.98257905, loss = 0.0048503433 (0.609 sec)
INFO:tensorflow:accuracy = 0.9826786, loss = 0.008517034 (0.605 sec)
INFO:tensorflow:global_step/sec: 32.8545
INFO:tensorflow:loss = 0.017246189, step = 23501 (3.044 sec)
INFO:tensorflow:accuracy = 0.982777, loss = 0.017246189 (0.609 sec)
INFO:tensorflow:accuracy = 0.9825212, loss = 0.124483764 (0.614 sec)
INFO:tensorflow:accuracy = 0.9824438, loss = 0.097242065 (0.613 sec)
INFO:tensorflow:accuracy = 0.9825419, loss = 0.017940791 (0.602 sec)
INFO:tensorflow:accuracy = 0.98211807, loss = 0.20614165 (0.585 sec)
INFO:tensorflow:global_step/sec: 33.3054
INFO:tensorflow:loss = 0.005664657, step = 23601 (3.003 sec)
INFO:tensorflow:accuracy = 0.98221684, loss = 0.005664657 (0.588 sec)
INFO:tensorflow:accuracy = 0.98214287, loss = 0.038592275 (0.666 sec)
INFO:tensorflow:accuracy = 0.98224044, loss = 0.019844815 (0.621 sec)
INFO:tensorflow:accuracy = 0.98233694, loss = 0.007836871 (0.619 sec)
INFO:tensorflow:accuracy = 0.9824324, loss = 0.010805052 (0.619 sec)
INFO:tensorflow:global_step/sec: 31.7942
INFO:tensorflow:loss = 0.07965384, step = 23701 (3.145 sec)
INFO:tensorflow:accuracy = 0.9823589, loss = 0.07965384 (0.621 sec)
INFO:tensorflow:accuracy = 0.9824532, loss = 0.020061987 (0.618 sec)
INFO:tensorflow:accuracy = 0.98254657, loss = 0.0070982864 (0.620 sec)
INFO:tensorflow:accuracy = 0.9826389, loss = 0.026843468 (0.640 sec)
INFO:tensorflow:accuracy = 0.98223686, loss = 0.1714352 (0.653 sec)
INFO:tensorflow:global_step/sec: 31.6711
INFO:tensorflow:loss = 0.0072516194, step = 23801 (3.158 sec)
INFO:tensorflow:accuracy = 0.98232985, loss = 0.0072516194 (0.626 sec)
INFO:tensorflow:accuracy = 0.9822591, loss = 0.11924448 (0.636 sec)
INFO:tensorflow:accuracy = 0.9821891, loss = 0.0704666 (0.669 sec)
INFO:tensorflow:accuracy = 0.98195875, loss = 0.08278689 (0.723 sec)
INFO:tensorflow:accuracy = 0.98205125, loss = 0.028255314 (0.689 sec)
INFO:tensorflow:global_step/sec: 29.9693
INFO:tensorflow:loss = 0.059565384, step = 23901 (3.337 sec)
INFO:tensorflow:accuracy = 0.981824, loss = 0.059565384 (0.621 sec)
INFO:tensorflow:accuracy = 0.98191625, loss = 0.042549647 (0.691 sec)
INFO:tensorflow:accuracy = 0.98200756, loss = 0.00722945 (0.685 sec)
INFO:tensorflow:accuracy = 0.982098, loss = 0.022961533 (0.674 sec)
INFO:tensorflow:accuracy = 0.9821875, loss = 0.01436918 (0.639 sec)
INFO:tensorflow:global_step/sec: 29.9828
INFO:tensorflow:loss = 0.0077964896, step = 24001 (3.335 sec)
INFO:tensorflow:accuracy = 0.98227614, loss = 0.0077964896 (0.645 sec)
INFO:tensorflow:accuracy = 0.98220915, loss = 0.07705203 (0.708 sec)
INFO:tensorflow:accuracy = 0.9822968, loss = 0.0063641695 (0.626 sec)
INFO:tensorflow:accuracy = 0.98223037, loss = 0.1597084 (0.648 sec)
INFO:tensorflow:accuracy = 0.9821646, loss = 0.044518333 (0.633 sec)
INFO:tensorflow:global_step/sec: 30.9048
INFO:tensorflow:loss = 0.002030586, step = 24101 (3.236 sec)
INFO:tensorflow:accuracy = 0.9822512, loss = 0.002030586 (0.621 sec)
INFO:tensorflow:accuracy = 0.98233694, loss = 0.034547243 (0.838 sec)
INFO:tensorflow:accuracy = 0.9824219, loss = 0.02480869 (1.103 sec)
INFO:tensorflow:accuracy = 0.982506, loss = 0.0028936495 (0.994 sec)
INFO:tensorflow:accuracy = 0.9825893, loss = 0.0029156043 (0.699 sec)
INFO:tensorflow:global_step/sec: 22.5317
INFO:tensorflow:loss = 0.09991936, step = 24201 (4.438 sec)
INFO:tensorflow:accuracy = 0.9823756, loss = 0.09991936 (0.804 sec)
INFO:tensorflow:accuracy = 0.9824587, loss = 0.0033913506 (0.761 sec)
INFO:tensorflow:accuracy = 0.98239434, loss = 0.041844103 (0.641 sec)
INFO:tensorflow:accuracy = 0.9823306, loss = 0.15039709 (0.620 sec)
INFO:tensorflow:accuracy = 0.9824128, loss = 0.022745958 (0.684 sec)
INFO:tensorflow:global_step/sec: 29.9015
INFO:tensorflow:loss = 0.0012543022, step = 24301 (3.344 sec)
INFO:tensorflow:accuracy = 0.98249424, loss = 0.0012543022 (0.638 sec)
INFO:tensorflow:accuracy = 0.9825749, loss = 0.01798731 (0.649 sec)
INFO:tensorflow:accuracy = 0.9826548, loss = 0.02000872 (0.809 sec)
INFO:tensorflow:accuracy = 0.98259133, loss = 0.09597011 (0.941 sec)
INFO:tensorflow:accuracy = 0.9826704, loss = 0.038200665 (0.668 sec)
INFO:tensorflow:global_step/sec: 26.8196
INFO:tensorflow:loss = 0.13741562, step = 24401 (3.729 sec)
INFO:tensorflow:accuracy = 0.9826075, loss = 0.13741562 (0.661 sec)
INFO:tensorflow:accuracy = 0.9826858, loss = 0.041763775 (0.669 sec)
INFO:tensorflow:accuracy = 0.98276347, loss = 0.006044007 (0.680 sec)
INFO:tensorflow:accuracy = 0.9828404, loss = 0.015357904 (0.667 sec)
INFO:tensorflow:accuracy = 0.9827778, loss = 0.13535139 (0.694 sec)
INFO:tensorflow:global_step/sec: 29.2579
INFO:tensorflow:loss = 0.016851727, step = 24501 (3.418 sec)
INFO:tensorflow:accuracy = 0.982854, loss = 0.016851727 (0.707 sec)
INFO:tensorflow:accuracy = 0.9829295, loss = 0.008542349 (0.663 sec)
INFO:tensorflow:accuracy = 0.9828673, loss = 0.0487337 (0.658 sec)
INFO:tensorflow:accuracy = 0.98294216, loss = 0.009317841 (0.667 sec)
INFO:tensorflow:accuracy = 0.9828804, loss = 0.051693533 (0.672 sec)
INFO:tensorflow:global_step/sec: 29.7893
INFO:tensorflow:loss = 0.18369529, step = 24601 (3.357 sec)
INFO:tensorflow:accuracy = 0.98281926, loss = 0.18369529 (0.696 sec)
INFO:tensorflow:accuracy = 0.98289335, loss = 0.041930724 (0.716 sec)
INFO:tensorflow:accuracy = 0.9829667, loss = 0.021274041 (0.665 sec)
INFO:tensorflow:accuracy = 0.98303956, loss = 0.022436995 (0.675 sec)
INFO:tensorflow:accuracy = 0.9831117, loss = 0.020114994 (0.664 sec)
INFO:tensorflow:global_step/sec: 29.458
INFO:tensorflow:loss = 0.0043371134, step = 24701 (3.395 sec)
INFO:tensorflow:accuracy = 0.98318326, loss = 0.0043371134 (0.675 sec)
INFO:tensorflow:accuracy = 0.9832542, loss = 0.019542422 (0.738 sec)
INFO:tensorflow:accuracy = 0.9833246, loss = 0.002788957 (0.684 sec)
INFO:tensorflow:accuracy = 0.9833943, loss = 0.026004896 (0.681 sec)
INFO:tensorflow:accuracy = 0.98333335, loss = 0.09131264 (0.676 sec)
INFO:tensorflow:global_step/sec: 29.0712
INFO:tensorflow:loss = 0.006898692, step = 24801 (3.440 sec)
INFO:tensorflow:accuracy = 0.9834025, loss = 0.006898692 (0.661 sec)
INFO:tensorflow:accuracy = 0.9834711, loss = 0.0010145125 (0.660 sec)
INFO:tensorflow:accuracy = 0.9834105, loss = 0.034711372 (0.664 sec)
INFO:tensorflow:accuracy = 0.9833504, loss = 0.031508878 (0.666 sec)
INFO:tensorflow:accuracy = 0.9832908, loss = 0.047827866 (0.667 sec)
INFO:tensorflow:global_step/sec: 30.164
INFO:tensorflow:loss = 0.015395817, step = 24901 (3.315 sec)
INFO:tensorflow:accuracy = 0.98335874, loss = 0.015395817 (0.658 sec)
